<?xml version="1.0" encoding="UTF-8"?>
<!-- Generated by org.testng.reporters.JUnitReportReporter -->
<testsuite hostname="Roberts-MBP" failures="0" tests="1" name="NormiaTest.Chapter2" time="0.501" errors="0" timestamp="21 May 2020 11:24:08 GMT" skipped="0">
  <testcase classname="NormiaTest.Chapter2" name="contentTest" time="0.501"/>
</testsuite> <!-- NormiaTest.Chapter2 -->
